2024-06-08 07:16:00 | INFO | repo=open-gpu-kernel-modules | action=pull
2024-02-21 20:58:00 | WARN | repo=open-gpu-kernel-modules | action=commit
2025-08-28 17:49:00 | DEBUG | repo=open-gpu-kernel-modules | action=commit
2024-07-17 07:23:00 | WARN | repo=open-gpu-kernel-modules | action=commit
2025-02-15 20:05:00 | INFO | repo=open-gpu-kernel-modules | action=commit
2025-08-10 17:44:00 | WARN | repo=open-gpu-kernel-modules | action=commit
2024-10-13 15:09:00 | INFO | repo=open-gpu-kernel-modules | action=pull
2024-09-17 18:56:00 | INFO | repo=open-gpu-kernel-modules | action=test | passed=true
2025-10-26 14:54:00 | DEBUG | repo=open-gpu-kernel-modules | action=commit
2025-02-19 11:17:00 | DEBUG | repo=open-gpu-kernel-modules | action=commit
2025-03-13 17:07:00 | WARN | repo=open-gpu-kernel-modules | action=commit
2024-12-08 08:49:00 | INFO | repo=open-gpu-kernel-modules | action=commit
2024-07-25 11:31:00 | DEBUG | repo=open-gpu-kernel-modules | action=commit
2024-02-08 14:34:00 | WARN | repo=open-gpu-kernel-modules | action=commit
2025-04-03 10:39:00 | WARN | repo=open-gpu-kernel-modules | action=commit
2025-07-07 08:00:00 | WARN | repo=open-gpu-kernel-modules | action=commit
2025-10-12 21:30:00 | INFO | repo=open-gpu-kernel-modules | action=pull
2024-11-22 08:31:00 | DEBUG | repo=open-gpu-kernel-modules | action=commit
2024-08-19 16:23:00 | DEBUG | repo=open-gpu-kernel-modules | action=pull
2024-07-05 16:09:00 | DEBUG | repo=open-gpu-kernel-modules | action=commit
2025-03-03 07:42:00 | WARN | repo=open-gpu-kernel-modules | action=pull
2025-08-22 20:55:00 | DEBUG | repo=open-gpu-kernel-modules | action=pull
2024-10-04 09:30:00 | INFO | repo=open-gpu-kernel-modules | action=commit
2024-11-28 10:55:00 | WARN | repo=open-gpu-kernel-modules | action=commit
2025-05-15 21:38:00 | DEBUG | repo=open-gpu-kernel-modules | action=commit
2025-05-25 19:14:00 | INFO | repo=open-gpu-kernel-modules | action=commit
2025-11-11 16:50:00 | WARN | repo=open-gpu-kernel-modules | action=commit
2025-09-15 20:28:00 | DEBUG | repo=open-gpu-kernel-modules | action=commit
2024-02-05 15:28:00 | DEBUG | repo=open-gpu-kernel-modules | action=commit
2024-12-04 10:43:00 | INFO | repo=open-gpu-kernel-modules | action=commit
2025-05-25 08:04:00 | INFO | repo=open-gpu-kernel-modules | action=pull
2025-08-05 18:30:00 | INFO | repo=open-gpu-kernel-modules | action=pull
2025-04-17 14:08:00 | WARN | repo=open-gpu-kernel-modules | action=commit
2025-06-25 18:05:00 | DEBUG | repo=open-gpu-kernel-modules | action=commit
2025-07-09 13:25:00 | DEBUG | repo=open-gpu-kernel-modules | action=commit
2025-07-27 16:56:00 | DEBUG | repo=open-gpu-kernel-modules | action=edit | files=2
2025-07-28 20:19:00 | INFO | repo=open-gpu-kernel-modules | action=pull
2025-11-16 09:07:00 | DEBUG | repo=open-gpu-kernel-modules | action=commit
2025-11-11 07:13:00 | DEBUG | repo=open-gpu-kernel-modules | action=pull
2025-06-13 09:58:00 | WARN | repo=open-gpu-kernel-modules | action=commit
2025-02-15 14:12:00 | INFO | repo=open-gpu-kernel-modules | action=commit
2025-10-01 08:02:00 | DEBUG | repo=open-gpu-kernel-modules | action=edit | files=2
2025-09-27 08:48:00 | DEBUG | repo=open-gpu-kernel-modules | action=test | passed=true
2025-07-13 09:55:00 | WARN | repo=open-gpu-kernel-modules | action=commit
2025-03-05 09:55:00 | DEBUG | repo=open-gpu-kernel-modules | action=edit | files=3
2025-07-19 07:05:00 | DEBUG | repo=open-gpu-kernel-modules | action=commit
2025-06-05 18:02:00 | WARN | repo=open-gpu-kernel-modules | action=commit
2025-08-16 21:58:00 | INFO | repo=open-gpu-kernel-modules | action=commit
2025-08-05 16:26:00 | INFO | repo=open-gpu-kernel-modules | action=commit
2025-07-22 11:21:00 | DEBUG | repo=open-gpu-kernel-modules | action=commit
2025-08-18 20:45:00 | INFO | repo=open-gpu-kernel-modules | action=edit | files=4
2025-02-11 18:13:00 | DEBUG | repo=open-gpu-kernel-modules | action=commit
2025-03-20 14:54:00 | WARN | repo=open-gpu-kernel-modules | action=commit
2025-11-04 07:32:00 | INFO | repo=open-gpu-kernel-modules | action=commit
2025-01-13 12:56:00 | INFO | repo=open-gpu-kernel-modules | action=pull
2025-05-09 20:45:00 | DEBUG | repo=open-gpu-kernel-modules | action=commit
2025-12-06 08:55:00 | INFO | repo=open-gpu-kernel-modules | action=commit
2025-11-28 20:37:00 | INFO | repo=open-gpu-kernel-modules | action=edit | files=3
2025-05-27 21:04:00 | INFO | repo=open-gpu-kernel-modules | action=commit
2025-03-25 14:45:00 | WARN | repo=open-gpu-kernel-modules | action=commit
2025-06-12 16:17:00 | WARN | repo=open-gpu-kernel-modules | action=edit | files=2
2025-06-21 14:58:00 | WARN | repo=open-gpu-kernel-modules | action=commit
2025-11-09 07:16:00 | WARN | repo=open-gpu-kernel-modules | action=commit
2025-12-25 19:28:00 | DEBUG | repo=open-gpu-kernel-modules | action=commit
2025-01-25 08:08:00 | WARN | repo=open-gpu-kernel-modules | action=commit
2025-06-02 10:15:00 | INFO | repo=open-gpu-kernel-modules | action=commit
2025-10-22 08:49:00 | DEBUG | repo=open-gpu-kernel-modules | action=pull
2025-09-06 15:42:00 | INFO | repo=open-gpu-kernel-modules | action=pull
2025-11-17 10:43:00 | DEBUG | repo=open-gpu-kernel-modules | action=pull
2025-01-16 07:31:00 | DEBUG | repo=open-gpu-kernel-modules | action=commit
2025-11-11 08:49:00 | DEBUG | repo=open-gpu-kernel-modules | action=commit
2025-11-11 17:47:00 | DEBUG | repo=open-gpu-kernel-modules | action=commit
2025-07-21 10:07:00 | INFO | repo=open-gpu-kernel-modules | action=commit
2025-03-25 07:04:00 | DEBUG | repo=open-gpu-kernel-modules | action=commit
2025-06-07 09:55:00 | INFO | repo=open-gpu-kernel-modules | action=pull
2025-01-02 11:02:00 | DEBUG | repo=open-gpu-kernel-modules | action=commit
2025-02-14 11:44:00 | WARN | repo=open-gpu-kernel-modules | action=test | passed=true
2025-10-24 15:55:00 | DEBUG | repo=open-gpu-kernel-modules | action=commit
2025-04-09 15:40:00 | INFO | repo=open-gpu-kernel-modules | action=commit
2025-05-27 20:20:00 | WARN | repo=open-gpu-kernel-modules | action=commit
2025-05-03 17:54:00 | WARN | repo=open-gpu-kernel-modules | action=edit | files=1
2025-04-18 12:33:00 | INFO | repo=open-gpu-kernel-modules | action=commit
2025-04-06 21:52:00 | WARN | repo=open-gpu-kernel-modules | action=pull
2025-11-01 20:39:00 | INFO | repo=open-gpu-kernel-modules | action=pull
2025-08-12 08:54:00 | DEBUG | repo=open-gpu-kernel-modules | action=commit
2025-08-23 08:08:00 | DEBUG | repo=open-gpu-kernel-modules | action=edit | files=4
2025-02-04 09:08:00 | INFO | repo=open-gpu-kernel-modules | action=commit
2025-03-05 19:27:00 | DEBUG | repo=open-gpu-kernel-modules | action=test | passed=true
2025-11-17 13:59:00 | INFO | repo=open-gpu-kernel-modules | action=edit | files=1
2025-03-12 10:52:00 | WARN | repo=open-gpu-kernel-modules | action=pull
2025-02-05 10:14:00 | DEBUG | repo=open-gpu-kernel-modules | action=commit
2025-11-08 19:03:00 | INFO | repo=open-gpu-kernel-modules | action=commit
2025-07-20 19:48:00 | INFO | repo=open-gpu-kernel-modules | action=commit
